d:\vs projects\simulator\simulator.dir\debug\vc143.pdb
d:\vs projects\simulator\simulator.dir\debug\main.obj
d:\vs projects\simulator\simulator.dir\debug\mapcell.obj
d:\vs projects\simulator\simulator.dir\debug\shelf.obj
d:\vs projects\simulator\simulator.dir\debug\path.obj
d:\vs projects\simulator\simulator.dir\debug\map.obj
d:\vs projects\simulator\simulator.dir\debug\exceltool.obj
d:\vs projects\simulator\simulator.dir\debug\data.obj
d:\vs projects\simulator\simulator.dir\debug\customer.obj
d:\vs projects\simulator\simulator.dir\debug\mocs_compilation_debug.obj
d:\vs projects\simulator\simulator.dir\debug\astarpathfinding.obj
d:\vs projects\simulator\simulator.dir\debug\simulator.obj
d:\vs projects\simulator\simulator.dir\debug\storemanage.obj
d:\vs projects\simulator\simulator.dir\debug\commodity.obj
d:\vs projects\simulator\simulator.dir\debug\mappanel.obj
d:\vs projects\simulator\cmakefiles\generate.stamp
d:\vs projects\simulator\bin\debug\simulator.exe
d:\vs projects\simulator\simulator.dir\debug\simulator.ilk
d:\vs projects\simulator\bin\debug\simulator.pdb
d:\vs projects\simulator\simulator.dir\debug\simulator.tlog\cl.command.1.tlog
d:\vs projects\simulator\simulator.dir\debug\simulator.tlog\cl.items.tlog
d:\vs projects\simulator\simulator.dir\debug\simulator.tlog\cl.read.1.tlog
d:\vs projects\simulator\simulator.dir\debug\simulator.tlog\cl.write.1.tlog
d:\vs projects\simulator\simulator.dir\debug\simulator.tlog\custombuild.command.1.tlog
d:\vs projects\simulator\simulator.dir\debug\simulator.tlog\custombuild.read.1.tlog
d:\vs projects\simulator\simulator.dir\debug\simulator.tlog\custombuild.write.1.tlog
d:\vs projects\simulator\simulator.dir\debug\simulator.tlog\link.command.1.tlog
d:\vs projects\simulator\simulator.dir\debug\simulator.tlog\link.read.1.tlog
d:\vs projects\simulator\simulator.dir\debug\simulator.tlog\link.write.1.tlog
