d:\vs projects\simulator\lib\debug\qxlsxqt6.pdb
d:\vs projects\simulator\include\qxlsx\qxlsx.dir\debug\xlsxchartsheet.obj
d:\vs projects\simulator\include\qxlsx\qxlsx.dir\debug\xlsxcell.obj
d:\vs projects\simulator\include\qxlsx\qxlsx.dir\debug\xlsxzipreader.obj
d:\vs projects\simulator\include\qxlsx\qxlsx.dir\debug\xlsxsimpleooxmlfile.obj
d:\vs projects\simulator\include\qxlsx\qxlsx.dir\debug\xlsxformat.obj
d:\vs projects\simulator\include\qxlsx\qxlsx.dir\debug\xlsxdatetype.obj
d:\vs projects\simulator\include\qxlsx\qxlsx.dir\debug\xlsxchart.obj
d:\vs projects\simulator\include\qxlsx\qxlsx.dir\debug\xlsxabstractsheet.obj
d:\vs projects\simulator\include\qxlsx\qxlsx.dir\debug\xlsxworksheet.obj
d:\vs projects\simulator\include\qxlsx\qxlsx.dir\debug\xlsxsharedstrings.obj
d:\vs projects\simulator\include\qxlsx\qxlsx.dir\debug\xlsxdrawing.obj
d:\vs projects\simulator\include\qxlsx\qxlsx.dir\debug\xlsxdatavalidation.obj
d:\vs projects\simulator\include\qxlsx\qxlsx.dir\debug\xlsxcellreference.obj
d:\vs projects\simulator\include\qxlsx\qxlsx.dir\debug\xlsxabstractooxmlfile.obj
d:\vs projects\simulator\include\qxlsx\qxlsx.dir\debug\xlsxworkbook.obj
d:\vs projects\simulator\include\qxlsx\qxlsx.dir\debug\xlsxrichstring.obj
d:\vs projects\simulator\include\qxlsx\qxlsx.dir\debug\xlsxdrawinganchor.obj
d:\vs projects\simulator\include\qxlsx\qxlsx.dir\debug\xlsxcontenttypes.obj
d:\vs projects\simulator\include\qxlsx\qxlsx.dir\debug\xlsxcellrange.obj
d:\vs projects\simulator\include\qxlsx\qxlsx.dir\debug\mocs_compilation_debug.obj
d:\vs projects\simulator\include\qxlsx\qxlsx.dir\debug\xlsxutility.obj
d:\vs projects\simulator\include\qxlsx\qxlsx.dir\debug\xlsxrelationships.obj
d:\vs projects\simulator\include\qxlsx\qxlsx.dir\debug\xlsxdocument.obj
d:\vs projects\simulator\include\qxlsx\qxlsx.dir\debug\xlsxconditionalformatting.obj
d:\vs projects\simulator\include\qxlsx\qxlsx.dir\debug\xlsxcelllocation.obj
d:\vs projects\simulator\include\qxlsx\qxlsx.dir\debug\xlsxtheme.obj
d:\vs projects\simulator\include\qxlsx\qxlsx.dir\debug\xlsxnumformatparser.obj
d:\vs projects\simulator\include\qxlsx\qxlsx.dir\debug\xlsxdocpropscore.obj
d:\vs projects\simulator\include\qxlsx\qxlsx.dir\debug\xlsxcolor.obj
d:\vs projects\simulator\include\qxlsx\qxlsx.dir\debug\xlsxcellformula.obj
d:\vs projects\simulator\include\qxlsx\qxlsx.dir\debug\xlsxzipwriter.obj
d:\vs projects\simulator\include\qxlsx\qxlsx.dir\debug\xlsxstyles.obj
d:\vs projects\simulator\include\qxlsx\qxlsx.dir\debug\xlsxmediafile.obj
d:\vs projects\simulator\include\qxlsx\qxlsx.dir\debug\xlsxdocpropsapp.obj
d:\vs projects\simulator\include\qxlsx\cmakefiles\generate.stamp
d:\vs projects\simulator\lib\debug\qxlsxqt6.lib
d:\vs projects\simulator\include\qxlsx\qxlsx.dir\debug\qxlsx.tlog\cl.command.1.tlog
d:\vs projects\simulator\include\qxlsx\qxlsx.dir\debug\qxlsx.tlog\cl.items.tlog
d:\vs projects\simulator\include\qxlsx\qxlsx.dir\debug\qxlsx.tlog\cl.read.1.tlog
d:\vs projects\simulator\include\qxlsx\qxlsx.dir\debug\qxlsx.tlog\cl.write.1.tlog
d:\vs projects\simulator\include\qxlsx\qxlsx.dir\debug\qxlsx.tlog\custombuild.command.1.tlog
d:\vs projects\simulator\include\qxlsx\qxlsx.dir\debug\qxlsx.tlog\custombuild.read.1.tlog
d:\vs projects\simulator\include\qxlsx\qxlsx.dir\debug\qxlsx.tlog\custombuild.write.1.tlog
d:\vs projects\simulator\include\qxlsx\qxlsx.dir\debug\qxlsx.tlog\lib-link.read.1.tlog
d:\vs projects\simulator\include\qxlsx\qxlsx.dir\debug\qxlsx.tlog\lib-link.write.1.tlog
d:\vs projects\simulator\include\qxlsx\qxlsx.dir\debug\qxlsx.tlog\lib.command.1.tlog
